<?xml version="1.0" encoding="utf-8"?><testsuites name="pytest tests"><testsuite name="pytest" errors="0" failures="0" skipped="0" tests="4" time="1.187" timestamp="2026-04-20T12:48:08.795190-05:00" hostname="hprnogales"><testcase classname="tests.regression.reglas_negocio.test_funcional_reglas_negocio" name="test_relaciones_negocio_apuntan_a_tablas_existentes" time="0.012" /><testcase classname="tests.regression.reglas_negocio.test_funcional_reglas_negocio" name="test_medidas_tienen_dax_no_vacio" time="0.014" /><testcase classname="tests.regression.reglas_negocio.test_funcional_reglas_negocio" name="test_tabla_hecho_tiene_columna_numerica" time="0.015" /><testcase classname="tests.regression.reglas_negocio.test_funcional_reglas_negocio" name="test_export_excel_mantiene_consistencia_de_tablas" time="0.420" /></testsuite></testsuites>