<?xml version="1.0" encoding="utf-8"?><testsuites name="pytest tests"><testsuite name="pytest" errors="0" failures="0" skipped="0" tests="2" time="1.223" timestamp="2026-04-20T14:09:56.689754-05:00" hostname="hprnogales"><testcase classname="tests.regression.regresion_referencia.test_regresion_referencia" name="test_snapshot_referencia_mantiene_resultado_esperado" time="0.009" /><testcase classname="tests.regression.regresion_referencia.test_regresion_referencia" name="test_excel_referencia_conserva_estructura" time="0.452" /></testsuite></testsuites>