<?xml version="1.0" encoding="utf-8"?><testsuites name="pytest tests"><testsuite name="pytest" errors="0" failures="0" skipped="0" tests="26" time="1.679" timestamp="2026-04-20T09:40:45.050373-05:00" hostname="hprnogales"><testcase classname="tests.unit.test_01_leer_tablas" name="test_leer_tablas_excluye_tecnicas" time="0.011" /><testcase classname="tests.unit.test_01_leer_tablas" name="test_leer_tablas_lanza_si_no_existe_directorio" time="0.002" /><testcase classname="tests.unit.test_01_leer_tablas" name="test_leer_tablas_vacio" time="0.003" /><testcase classname="tests.unit.test_02_leer_columnas" name="test_leer_columnas_extrae_tabla_columna_tipo" time="0.005" /><testcase classname="tests.unit.test_02_leer_columnas" name="test_leer_columnas_excluye_tecnicas" time="0.005" /><testcase classname="tests.unit.test_02_leer_columnas" name="test_leer_columnas_ignora_si_no_hay_data_type" time="0.005" /><testcase classname="tests.unit.test_02_leer_columnas" name="test_leer_columnas_lanza_si_no_existe_directorio" time="0.002" /><testcase classname="tests.unit.test_03_leer_medidas" name="test_limpiar_dax_remueve_prefijos_y_metadatos" time="0.002" /><testcase classname="tests.unit.test_03_leer_medidas" name="test_leer_medidas_extrae_medida_dax" time="0.006" /><testcase classname="tests.unit.test_03_leer_medidas" name="test_leer_medidas_devuelve_vacio_sin_cierre_parentesis" time="0.005" /><testcase classname="tests.unit.test_03_leer_medidas" name="test_leer_medidas_lanza_si_no_existe_directorio" time="0.002" /><testcase classname="tests.unit.test_04_leer_relaciones" name="test_leer_relaciones_parsea_referencias_con_comillas_y_brackets" time="0.008" /><testcase classname="tests.unit.test_04_leer_relaciones" name="test_leer_relaciones_sin_punto_devuelve_columna_vacia" time="0.006" /><testcase classname="tests.unit.test_04_leer_relaciones" name="test_leer_relaciones_lanza_si_no_existe_archivo" time="0.002" /><testcase classname="tests.unit.test_05_exportar_excel" name="test_clasificar_tabla_nombre" time="0.002" /><testcase classname="tests.unit.test_05_exportar_excel" name="test_clasificar_tablas_y_columnas" time="0.009" /><testcase classname="tests.unit.test_05_exportar_excel" name="test_clasificar_relaciones_y_glosario" time="0.002" /><testcase classname="tests.unit.test_05_exportar_excel" name="test_exportar_excel_genera_archivo_y_hojas" time="0.518" /><testcase classname="tests.unit.test_06_procesar_pbixs_unit" name="test_cargar_config_area_defaults" time="0.004" /><testcase classname="tests.unit.test_06_procesar_pbixs_unit" name="test_cargar_config_area_override" time="0.003" /><testcase classname="tests.unit.test_06_procesar_pbixs_unit" name="test_resolver_ruta_area_relativa_y_absoluta" time="0.002" /><testcase classname="tests.unit.test_06_procesar_pbixs_unit" name="test_metadata_corresponde_pbix" time="0.000" /><testcase classname="tests.unit.test_06_procesar_pbixs_unit" name="test_leer_y_guardar_metadata_extraccion" time="0.011" /><testcase classname="tests.unit.test_06_procesar_pbixs_unit" name="test_descomponer_pbix_reutiliza_metadata" time="0.013" /><testcase classname="tests.unit.test_06_procesar_pbixs_unit" name="test_procesar_pbix_ok" time="0.005" /><testcase classname="tests.unit.test_06_procesar_pbixs_unit" name="test_procesar_pbix_falla_si_no_hay_model" time="0.003" /></testsuite></testsuites>