============================= test session starts =============================
platform win32 -- Python 3.14.3, pytest-9.0.3, pluggy-1.6.0
rootdir: C:\Users\HP\Dropbox\E_RN\MC\PBIX_analitycs\zCODE
configfile: pytest.ini
plugins: cov-7.1.0, mock-3.15.1
collected 4 items

zCODE\tests\regression\reglas_negocio\test_funcional_reglas_negocio.py . [ 25%]
...                                                                      [100%]

- generated xml file: C:\Users\HP\Dropbox\E_RN\MC\PBIX_analitycs\zCODE\tests\reports\junit-funcional.xml -
============================== 4 passed in 1.19s ==============================
